<?xml version="1.0" encoding="UTF-8"?>
<!-- Generated by org.testng.reporters.JUnitReportReporter -->
<testsuite hostname="DESKTOP-K2K8DK8" failures="0" tests="3" name="tests.DataDrivenTesting" time="13.619" errors="0" timestamp="25 Jan 2022 01:32:09 GMT" skipped="0">
  <testcase classname="tests.DataDrivenTesting" name="test" time="5.112"/>
  <testcase classname="tests.DataDrivenTesting" name="test" time="4.443"/>
  <testcase classname="tests.DataDrivenTesting" name="test" time="4.064"/>
</testsuite> <!-- tests.DataDrivenTesting -->
